<?xml version="1.0" encoding="UTF-8"?>
<!-- Generated by org.testng.reporters.JUnitReportReporter -->
<testsuite skipped="0" hostname="LAPTOP-7U4KH9BC" name="test.testActitimeLogin" tests="1" failures="0" timestamp="15 Jun 2020 16:27:20 GMT" time="1.312" errors="0">
  <testcase name="login" time="1.312" classname="test.testActitimeLogin"/>
</testsuite> <!-- test.testActitimeLogin -->
